Parsed test spec with 2 sessions

starting permutation: do_rewrite wait_for_before_lock_ip do_changes wakeup_before_lock_ip wait_for_after_commit_ip do_check wakeup_after_commit_ip
injection_points_attach
-----------------------
                       
(1 row)

step do_rewrite: 
    SELECT rewrite_table_nowait('tbl_src', 'tbl_dst', 'tbl_src_old');

rewrite_table_nowait
--------------------
                    
(1 row)

step wait_for_before_lock_ip: 
DO $$
BEGIN
        LOOP
		PERFORM pg_stat_clear_snapshot();

	        PERFORM
		FROM pg_stat_activity
		WHERE (wait_event_type, wait_event)=('InjectionPoint', 'pg_rewrite-before-lock');

		IF FOUND THEN
			EXIT;
		END IF;

		PERFORM pg_sleep(.1);
	END LOOP;
END;
$$;

step do_changes: 
	INSERT INTO tbl_src VALUES (2, 20), (3, 30), (5, 50);

	-- Update with no identity change.
	UPDATE tbl_src SET j=0 WHERE i=1;

	-- Update with identity change.
	UPDATE tbl_src SET i=6 WHERE i=4;

	-- Update a row we inserted, to check that the insertion is visible.
	UPDATE tbl_src SET j=7 WHERE i=2;
	-- ... and update it again, to check that the update is visible.
	UPDATE tbl_src SET j=8 WHERE j=7;

	-- Delete.
	DELETE FROM tbl_src WHERE i=7;

step wakeup_before_lock_ip: 
    SELECT injection_points_wakeup('pg_rewrite-before-lock');

injection_points_wakeup
-----------------------
                       
(1 row)

step wait_for_after_commit_ip: 
DO $$
BEGIN
        LOOP
		PERFORM pg_stat_clear_snapshot();

	        PERFORM
		FROM pg_stat_activity
		WHERE (wait_event_type, wait_event)=('InjectionPoint', 'pg_rewrite-after-commit');

		IF FOUND THEN
			EXIT;
		END IF;

		PERFORM pg_sleep(.1);
	END LOOP;
END;
$$;

step do_check: 
    TABLE pg_rewrite_progress;

    SELECT i, j, k, l FROM tbl_src ORDER BY i, j;

src_table|dst_table|src_table_new|ins_initial|ins|upd|del
---------+---------+-------------+-----------+---+---+---
tbl_src  |tbl_dst  |tbl_src_old  |          3|  3|  4|  1
(1 row)

i| j|  k|  l
-+--+---+---
1| 0|  0|  0
2| 8| -8| -8
3|30|-30|-30
5|50|-50|-50
6|40|-40|-40
(5 rows)

step wakeup_after_commit_ip: 
    SELECT injection_points_wakeup('pg_rewrite-after-commit');

injection_points_wakeup
-----------------------
                       
(1 row)

injection_points_detach
-----------------------
                       
(1 row)

